Audit Success,18-01-2026 19:35:08,Microsoft-Windows-Security-Auditing,4608,Security State Change,"Windows is starting up.

This event is logged when LSASS.EXE starts and the auditing subsystem is initialized."
Audit Success,18-01-2026 19:35:08,Microsoft-Windows-Security-Auditing,6417,System Integrity,"The FIPS mode crypto selftests succeeded.

	Process ID:		0x628
	Process Name:		C:\Windows\System32\lsass.exe"
Audit Success,18-01-2026 19:35:08,Microsoft-Windows-Security-Auditing,4688,Process Creation,"A new process has been created.

Creator Subject:
	Security ID:		SYSTEM
	Account Name:		-
	Account Domain:		-
	Logon ID:		0x3E7

Target Subject:
	Security ID:		NULL SID
	Account Name:		-
	Account Domain:		-
	Logon ID:		0x0

Process Information:
	New Process ID:		0x628
	New Process Name:	C:\Windows\System32\lsass.exe
	Token Elevation Type:	TokenElevationTypeDefault (1)
	Mandatory Label:		Mandatory Label\System Mandatory Level
	Creator Process ID:	0x58c
	Creator Process Name:	C:\Windows\System32\wininit.exe
	Process Command Line:	

Token Elevation Type indicates the type of token that was assigned to the new process in accordance with User Account Control policy.

Type 1 is a full token with no privileges removed or groups disabled.  A full token is only used if User Account Control is disabled or if the user is the built-in Administrator account or a service account.

Type 2 is an elevated token with no privileges removed or groups disabled.  An elevated token is used when User Account Control is enabled and the user chooses to start the program using Run as administrator.  An elevated token is also used when an application is configured to always require administrative privilege or to always require maximum privilege, and the user is a member of the Administrators group.

Type 3 is a limited token with administrative privileges removed and administrative groups disabled.  The limited token is used when User Account Control is enabled, the application does not require administrative privilege, and the user does not choose to start the program using Run as administrator."
Audit Success,18-01-2026 19:35:08,Microsoft-Windows-Security-Auditing,4688,Process Creation,"A new process has been created.

Creator Subject:
	Security ID:		SYSTEM
	Account Name:		-
	Account Domain:		-
	Logon ID:		0x3E7

Target Subject:
	Security ID:		NULL SID
	Account Name:		-
	Account Domain:		-
	Logon ID:		0x0

Process Information:
	New Process ID:		0x614
	New Process Name:	C:\Windows\System32\LsaIso.exe
	Token Elevation Type:	TokenElevationTypeDefault (1)
	Mandatory Label:		Mandatory Label\System Mandatory Level
	Creator Process ID:	0x58c
	Creator Process Name:	C:\Windows\System32\wininit.exe
	Process Command Line:	

Token Elevation Type indicates the type of token that was assigned to the new process in accordance with User Account Control policy.

Type 1 is a full token with no privileges removed or groups disabled.  A full token is only used if User Account Control is disabled or if the user is the built-in Administrator account or a service account.

Type 2 is an elevated token with no privileges removed or groups disabled.  An elevated token is used when User Account Control is enabled and the user chooses to start the program using Run as administrator.  An elevated token is also used when an application is configured to always require administrative privilege or to always require maximum privilege, and the user is a member of the Administrators group.

Type 3 is a limited token with administrative privileges removed and administrative groups disabled.  The limited token is used when User Account Control is enabled, the application does not require administrative privilege, and the user does not choose to start the program using Run as administrator."
Audit Success,18-01-2026 19:35:08,Microsoft-Windows-Security-Auditing,4688,Process Creation,"A new process has been created.

Creator Subject:
	Security ID:		SYSTEM
	Account Name:		-
	Account Domain:		-
	Logon ID:		0x3E7

Target Subject:
	Security ID:		NULL SID
	Account Name:		-
	Account Domain:		-
	Logon ID:		0x0

Process Information:
	New Process ID:		0x600
	New Process Name:	C:\Windows\System32\winlogon.exe
	Token Elevation Type:	TokenElevationTypeDefault (1)
	Mandatory Label:		Mandatory Label\System Mandatory Level
	Creator Process ID:	0x584
	Creator Process Name:	C:\Windows\System32\smss.exe
	Process Command Line:	

Token Elevation Type indicates the type of token that was assigned to the new process in accordance with User Account Control policy.

Type 1 is a full token with no privileges removed or groups disabled.  A full token is only used if User Account Control is disabled or if the user is the built-in Administrator account or a service account.

Type 2 is an elevated token with no privileges removed or groups disabled.  An elevated token is used when User Account Control is enabled and the user chooses to start the program using Run as administrator.  An elevated token is also used when an application is configured to always require administrative privilege or to always require maximum privilege, and the user is a member of the Administrators group.

Type 3 is a limited token with administrative privileges removed and administrative groups disabled.  The limited token is used when User Account Control is enabled, the application does not require administrative privilege, and the user does not choose to start the program using Run as administrator."
Audit Success,18-01-2026 19:35:08,Microsoft-Windows-Security-Auditing,4688,Process Creation,"A new process has been created.

Creator Subject:
	Security ID:		SYSTEM
	Account Name:		-
	Account Domain:		-
	Logon ID:		0x3E7

Target Subject:
	Security ID:		NULL SID
	Account Name:		-
	Account Domain:		-
	Logon ID:		0x0

Process Information:
	New Process ID:		0x5e4
	New Process Name:	C:\Windows\System32\services.exe
	Token Elevation Type:	TokenElevationTypeDefault (1)
	Mandatory Label:		Mandatory Label\System Mandatory Level
	Creator Process ID:	0x58c
	Creator Process Name:	C:\Windows\System32\wininit.exe
	Process Command Line:	

Token Elevation Type indicates the type of token that was assigned to the new process in accordance with User Account Control policy.

Type 1 is a full token with no privileges removed or groups disabled.  A full token is only used if User Account Control is disabled or if the user is the built-in Administrator account or a service account.

Type 2 is an elevated token with no privileges removed or groups disabled.  An elevated token is used when User Account Control is enabled and the user chooses to start the program using Run as administrator.  An elevated token is also used when an application is configured to always require administrative privilege or to always require maximum privilege, and the user is a member of the Administrators group.

Type 3 is a limited token with administrative privileges removed and administrative groups disabled.  The limited token is used when User Account Control is enabled, the application does not require administrative privilege, and the user does not choose to start the program using Run as administrator."
Audit Success,18-01-2026 19:35:08,Microsoft-Windows-Security-Auditing,4688,Process Creation,"A new process has been created.

Creator Subject:
	Security ID:		SYSTEM
	Account Name:		-
	Account Domain:		-
	Logon ID:		0x3E7

Target Subject:
	Security ID:		NULL SID
	Account Name:		-
	Account Domain:		-
	Logon ID:		0x0

Process Information:
	New Process ID:		0x594
	New Process Name:	C:\Windows\System32\csrss.exe
	Token Elevation Type:	TokenElevationTypeDefault (1)
	Mandatory Label:		Mandatory Label\System Mandatory Level
	Creator Process ID:	0x584
	Creator Process Name:	C:\Windows\System32\smss.exe
	Process Command Line:	

Token Elevation Type indicates the type of token that was assigned to the new process in accordance with User Account Control policy.

Type 1 is a full token with no privileges removed or groups disabled.  A full token is only used if User Account Control is disabled or if the user is the built-in Administrator account or a service account.

Type 2 is an elevated token with no privileges removed or groups disabled.  An elevated token is used when User Account Control is enabled and the user chooses to start the program using Run as administrator.  An elevated token is also used when an application is configured to always require administrative privilege or to always require maximum privilege, and the user is a member of the Administrators group.

Type 3 is a limited token with administrative privileges removed and administrative groups disabled.  The limited token is used when User Account Control is enabled, the application does not require administrative privilege, and the user does not choose to start the program using Run as administrator."
Audit Success,18-01-2026 19:35:08,Microsoft-Windows-Security-Auditing,4688,Process Creation,"A new process has been created.

Creator Subject:
	Security ID:		SYSTEM
	Account Name:		-
	Account Domain:		-
	Logon ID:		0x3E7

Target Subject:
	Security ID:		NULL SID
	Account Name:		-
	Account Domain:		-
	Logon ID:		0x0

Process Information:
	New Process ID:		0x58c
	New Process Name:	C:\Windows\System32\wininit.exe
	Token Elevation Type:	TokenElevationTypeDefault (1)
	Mandatory Label:		Mandatory Label\System Mandatory Level
	Creator Process ID:	0x3b8
	Creator Process Name:	C:\Windows\System32\smss.exe
	Process Command Line:	

Token Elevation Type indicates the type of token that was assigned to the new process in accordance with User Account Control policy.

Type 1 is a full token with no privileges removed or groups disabled.  A full token is only used if User Account Control is disabled or if the user is the built-in Administrator account or a service account.

Type 2 is an elevated token with no privileges removed or groups disabled.  An elevated token is used when User Account Control is enabled and the user chooses to start the program using Run as administrator.  An elevated token is also used when an application is configured to always require administrative privilege or to always require maximum privilege, and the user is a member of the Administrators group.

Type 3 is a limited token with administrative privileges removed and administrative groups disabled.  The limited token is used when User Account Control is enabled, the application does not require administrative privilege, and the user does not choose to start the program using Run as administrator."
Audit Success,18-01-2026 19:35:08,Microsoft-Windows-Security-Auditing,4688,Process Creation,"A new process has been created.

Creator Subject:
	Security ID:		SYSTEM
	Account Name:		-
	Account Domain:		-
	Logon ID:		0x3E7

Target Subject:
	Security ID:		NULL SID
	Account Name:		-
	Account Domain:		-
	Logon ID:		0x0

Process Information:
	New Process ID:		0x584
	New Process Name:	C:\Windows\System32\smss.exe
	Token Elevation Type:	TokenElevationTypeDefault (1)
	Mandatory Label:		Mandatory Label\System Mandatory Level
	Creator Process ID:	0x324
	Creator Process Name:	C:\Windows\System32\smss.exe
	Process Command Line:	

Token Elevation Type indicates the type of token that was assigned to the new process in accordance with User Account Control policy.

Type 1 is a full token with no privileges removed or groups disabled.  A full token is only used if User Account Control is disabled or if the user is the built-in Administrator account or a service account.

Type 2 is an elevated token with no privileges removed or groups disabled.  An elevated token is used when User Account Control is enabled and the user chooses to start the program using Run as administrator.  An elevated token is also used when an application is configured to always require administrative privilege or to always require maximum privilege, and the user is a member of the Administrators group.

Type 3 is a limited token with administrative privileges removed and administrative groups disabled.  The limited token is used when User Account Control is enabled, the application does not require administrative privilege, and the user does not choose to start the program using Run as administrator."
Audit Success,18-01-2026 19:35:06,Microsoft-Windows-Security-Auditing,4688,Process Creation,"A new process has been created.

Creator Subject:
	Security ID:		SYSTEM
	Account Name:		-
	Account Domain:		-
	Logon ID:		0x3E7

Target Subject:
	Security ID:		NULL SID
	Account Name:		-
	Account Domain:		-
	Logon ID:		0x0

Process Information:
	New Process ID:		0x500
	New Process Name:	C:\Windows\System32\csrss.exe
	Token Elevation Type:	TokenElevationTypeDefault (1)
	Mandatory Label:		Mandatory Label\System Mandatory Level
	Creator Process ID:	0x3b8
	Creator Process Name:	C:\Windows\System32\smss.exe
	Process Command Line:	

Token Elevation Type indicates the type of token that was assigned to the new process in accordance with User Account Control policy.

Type 1 is a full token with no privileges removed or groups disabled.  A full token is only used if User Account Control is disabled or if the user is the built-in Administrator account or a service account.

Type 2 is an elevated token with no privileges removed or groups disabled.  An elevated token is used when User Account Control is enabled and the user chooses to start the program using Run as administrator.  An elevated token is also used when an application is configured to always require administrative privilege or to always require maximum privilege, and the user is a member of the Administrators group.

Type 3 is a limited token with administrative privileges removed and administrative groups disabled.  The limited token is used when User Account Control is enabled, the application does not require administrative privilege, and the user does not choose to start the program using Run as administrator."
Audit Success,18-01-2026 19:35:03,Microsoft-Windows-Security-Auditing,4688,Process Creation,"A new process has been created.

Creator Subject:
	Security ID:		SYSTEM
	Account Name:		-
	Account Domain:		-
	Logon ID:		0x3E7

Target Subject:
	Security ID:		NULL SID
	Account Name:		-
	Account Domain:		-
	Logon ID:		0x0

Process Information:
	New Process ID:		0x3b8
	New Process Name:	C:\Windows\System32\smss.exe
	Token Elevation Type:	TokenElevationTypeDefault (1)
	Mandatory Label:		Mandatory Label\System Mandatory Level
	Creator Process ID:	0x324
	Creator Process Name:	C:\Windows\System32\smss.exe
	Process Command Line:	

Token Elevation Type indicates the type of token that was assigned to the new process in accordance with User Account Control policy.

Type 1 is a full token with no privileges removed or groups disabled.  A full token is only used if User Account Control is disabled or if the user is the built-in Administrator account or a service account.

Type 2 is an elevated token with no privileges removed or groups disabled.  An elevated token is used when User Account Control is enabled and the user chooses to start the program using Run as administrator.  An elevated token is also used when an application is configured to always require administrative privilege or to always require maximum privilege, and the user is a member of the Administrators group.

Type 3 is a limited token with administrative privileges removed and administrative groups disabled.  The limited token is used when User Account Control is enabled, the application does not require administrative privilege, and the user does not choose to start the program using Run as administrator."
Audit Success,18-01-2026 19:35:02,Microsoft-Windows-Security-Auditing,4688,Process Creation,"A new process has been created.

Creator Subject:
	Security ID:		SYSTEM
	Account Name:		-
	Account Domain:		-
	Logon ID:		0x3E7

Target Subject:
	Security ID:		NULL SID
	Account Name:		-
	Account Domain:		-
	Logon ID:		0x0

Process Information:
	New Process ID:		0x380
	New Process Name:	C:\Windows\System32\autochk.exe
	Token Elevation Type:	TokenElevationTypeDefault (1)
	Mandatory Label:		Mandatory Label\System Mandatory Level
	Creator Process ID:	0x324
	Creator Process Name:	C:\Windows\System32\smss.exe
	Process Command Line:	

Token Elevation Type indicates the type of token that was assigned to the new process in accordance with User Account Control policy.

Type 1 is a full token with no privileges removed or groups disabled.  A full token is only used if User Account Control is disabled or if the user is the built-in Administrator account or a service account.

Type 2 is an elevated token with no privileges removed or groups disabled.  An elevated token is used when User Account Control is enabled and the user chooses to start the program using Run as administrator.  An elevated token is also used when an application is configured to always require administrative privilege or to always require maximum privilege, and the user is a member of the Administrators group.

Type 3 is a limited token with administrative privileges removed and administrative groups disabled.  The limited token is used when User Account Control is enabled, the application does not require administrative privilege, and the user does not choose to start the program using Run as administrator."
Audit Success,18-01-2026 19:35:00,Microsoft-Windows-Security-Auditing,4688,Process Creation,"A new process has been created.

Creator Subject:
	Security ID:		SYSTEM
	Account Name:		-
	Account Domain:		-
	Logon ID:		0x3E7

Target Subject:
	Security ID:		NULL SID
	Account Name:		-
	Account Domain:		-
	Logon ID:		0x0

Process Information:
	New Process ID:		0x324
	New Process Name:	C:\Windows\System32\smss.exe
	Token Elevation Type:	TokenElevationTypeDefault (1)
	Mandatory Label:		Mandatory Label\System Mandatory Level
	Creator Process ID:	0x4
	Creator Process Name:	
	Process Command Line:	

Token Elevation Type indicates the type of token that was assigned to the new process in accordance with User Account Control policy.

Type 1 is a full token with no privileges removed or groups disabled.  A full token is only used if User Account Control is disabled or if the user is the built-in Administrator account or a service account.

Type 2 is an elevated token with no privileges removed or groups disabled.  An elevated token is used when User Account Control is enabled and the user chooses to start the program using Run as administrator.  An elevated token is also used when an application is configured to always require administrative privilege or to always require maximum privilege, and the user is a member of the Administrators group.

Type 3 is a limited token with administrative privileges removed and administrative groups disabled.  The limited token is used when User Account Control is enabled, the application does not require administrative privilege, and the user does not choose to start the program using Run as administrator."
Audit Success,18-01-2026 19:35:00,Microsoft-Windows-Security-Auditing,4826,Other Policy Change Events,"Boot Configuration Data loaded.

Subject:
	Security ID:		SYSTEM
	Account Name:		-
	Account Domain:		-
	Logon ID:		0x3E7

General Settings:
	Load Options:		-
	Advanced Options:		No
	Configuration Access Policy:	Default
	System Event Logging:	No
	Kernel Debugging:	No
	VSM Launch Type:	Auto

Signature Settings:
	Test Signing:		No
	Flight Signing:		No
	Disable Integrity Checks:	No

HyperVisor Settings:
	HyperVisor Load Options:	-
	HyperVisor Launch Type:	Auto
	HyperVisor Debugging:	No"
Audit Success,18-01-2026 19:35:00,Microsoft-Windows-Security-Auditing,4696,Process Creation,"A primary token was assigned to process.

Subject:
	Security ID:		SYSTEM
	Account Name:		-
	Account Domain:		-
	Logon ID:		0x3E7

Process Information:
	Process ID:	0x4
	Process Name:	

Target Process:
	Target Process ID:	0xe8
	Target Process Name:	Registry

New Token Information:
	Security ID:		NULL SID
	Account Name:		-
	Account Domain:		-
	Logon ID:		0x3E7"
Audit Success,18-01-2026 19:35:00,Microsoft-Windows-Security-Auditing,4688,Process Creation,"A new process has been created.

Creator Subject:
	Security ID:		SYSTEM
	Account Name:		-
	Account Domain:		-
	Logon ID:		0x3E7

Target Subject:
	Security ID:		NULL SID
	Account Name:		-
	Account Domain:		-
	Logon ID:		0x0

Process Information:
	New Process ID:		0xe8
	New Process Name:	Registry
	Token Elevation Type:	TokenElevationTypeDefault (1)
	Mandatory Label:		Mandatory Label\System Mandatory Level
	Creator Process ID:	0x4
	Creator Process Name:	
	Process Command Line:	

Token Elevation Type indicates the type of token that was assigned to the new process in accordance with User Account Control policy.

Type 1 is a full token with no privileges removed or groups disabled.  A full token is only used if User Account Control is disabled or if the user is the built-in Administrator account or a service account.

Type 2 is an elevated token with no privileges removed or groups disabled.  An elevated token is used when User Account Control is enabled and the user chooses to start the program using Run as administrator.  An elevated token is also used when an application is configured to always require administrative privilege or to always require maximum privilege, and the user is a member of the Administrators group.

Type 3 is a limited token with administrative privileges removed and administrative groups disabled.  The limited token is used when User Account Control is enabled, the application does not require administrative privilege, and the user does not choose to start the program using Run as administrator."
Audit Success,18-01-2026 19:35:00,Microsoft-Windows-Security-Auditing,4688,Process Creation,"A new process has been created.

Creator Subject:
	Security ID:		SYSTEM
	Account Name:		-
	Account Domain:		-
	Logon ID:		0x3E7

Target Subject:
	Security ID:		NULL SID
	Account Name:		-
	Account Domain:		-
	Logon ID:		0x0

Process Information:
	New Process ID:		0xbc
	New Process Name:	
	Token Elevation Type:	TokenElevationTypeDefault (1)
	Mandatory Label:		Mandatory Label\System Mandatory Level
	Creator Process ID:	0x4
	Creator Process Name:	
	Process Command Line:	

Token Elevation Type indicates the type of token that was assigned to the new process in accordance with User Account Control policy.

Type 1 is a full token with no privileges removed or groups disabled.  A full token is only used if User Account Control is disabled or if the user is the built-in Administrator account or a service account.

Type 2 is an elevated token with no privileges removed or groups disabled.  An elevated token is used when User Account Control is enabled and the user chooses to start the program using Run as administrator.  An elevated token is also used when an application is configured to always require administrative privilege or to always require maximum privilege, and the user is a member of the Administrators group.

Type 3 is a limited token with administrative privileges removed and administrative groups disabled.  The limited token is used when User Account Control is enabled, the application does not require administrative privilege, and the user does not choose to start the program using Run as administrator."
Audit Success,18-01-2026 19:35:09,Microsoft-Windows-Eventlog,1101,Event processing,Audit events have been dropped by the transport.  0
Audit Success,18-01-2026 16:23:24,Microsoft-Windows-Security-Auditing,4798,User Account Management,"A user's local group membership was enumerated.

Subject:
	Security ID:		SYSTEM
	Account Name:		SNEHA$
	Account Domain:		WORKGROUP
	Logon ID:		0x3E7

User:
	Security ID:		SNEHA\sneha
	Account Name:		sneha
	Account Domain:		sneha

Process Information:
	Process ID:		0xd58
	Process Name:		C:\Windows\System32\svchost.exe"
Audit Success,18-01-2026 16:23:24,Microsoft-Windows-Security-Auditing,4798,User Account Management,"A user's local group membership was enumerated.

Subject:
	Security ID:		SYSTEM
	Account Name:		SNEHA$
	Account Domain:		WORKGROUP
	Logon ID:		0x3E7

User:
	Security ID:		sneha\Guest
	Account Name:		Guest
	Account Domain:		sneha

Process Information:
	Process ID:		0xd58
	Process Name:		C:\Windows\System32\svchost.exe"
Audit Success,18-01-2026 16:23:24,Microsoft-Windows-Security-Auditing,4798,User Account Management,"A user's local group membership was enumerated.

Subject:
	Security ID:		SYSTEM
	Account Name:		SNEHA$
	Account Domain:		WORKGROUP
	Logon ID:		0x3E7

User:
	Security ID:		sneha\DefaultAccount
	Account Name:		DefaultAccount
	Account Domain:		sneha

Process Information:
	Process ID:		0xd58
	Process Name:		C:\Windows\System32\svchost.exe"
Audit Success,18-01-2026 16:23:24,Microsoft-Windows-Security-Auditing,4798,User Account Management,"A user's local group membership was enumerated.

Subject:
	Security ID:		SYSTEM
	Account Name:		SNEHA$
	Account Domain:		WORKGROUP
	Logon ID:		0x3E7

User:
	Security ID:		sneha\Administrator
	Account Name:		Administrator
	Account Domain:		sneha

Process Information:
	Process ID:		0xd58
	Process Name:		C:\Windows\System32\svchost.exe"
Audit Success,18-01-2026 16:23:24,Microsoft-Windows-Security-Auditing,4798,User Account Management,"A user's local group membership was enumerated.

Subject:
	Security ID:		SYSTEM
	Account Name:		SNEHA$
	Account Domain:		WORKGROUP
	Logon ID:		0x3E7

User:
	Security ID:		SNEHA\sneha
	Account Name:		sneha
	Account Domain:		sneha

Process Information:
	Process ID:		0xd58
	Process Name:		C:\Windows\System32\svchost.exe"
Audit Success,18-01-2026 16:23:24,Microsoft-Windows-Security-Auditing,4798,User Account Management,"A user's local group membership was enumerated.

Subject:
	Security ID:		SYSTEM
	Account Name:		SNEHA$
	Account Domain:		WORKGROUP
	Logon ID:		0x3E7

User:
	Security ID:		sneha\Guest
	Account Name:		Guest
	Account Domain:		sneha

Process Information:
	Process ID:		0xd58
	Process Name:		C:\Windows\System32\svchost.exe"
Audit Success,18-01-2026 16:23:24,Microsoft-Windows-Security-Auditing,4798,User Account Management,"A user's local group membership was enumerated.

Subject:
	Security ID:		SYSTEM
	Account Name:		SNEHA$
	Account Domain:		WORKGROUP
	Logon ID:		0x3E7

User:
	Security ID:		sneha\DefaultAccount
	Account Name:		DefaultAccount
	Account Domain:		sneha

Process Information:
	Process ID:		0xd58
	Process Name:		C:\Windows\System32\svchost.exe"
Audit Success,18-01-2026 16:23:24,Microsoft-Windows-Security-Auditing,4798,User Account Management,"A user's local group membership was enumerated.

Subject:
	Security ID:		SYSTEM
	Account Name:		SNEHA$
	Account Domain:		WORKGROUP
	Logon ID:		0x3E7

User:
	Security ID:		sneha\Administrator
	Account Name:		Administrator
	Account Domain:		sneha

Process Information:
	Process ID:		0xd58
	Process Name:		C:\Windows\System32\svchost.exe"
Audit Success,18-01-2026 16:23:24,Microsoft-Windows-Security-Auditing,4798,User Account Management,"A user's local group membership was enumerated.

Subject:
	Security ID:		SYSTEM
	Account Name:		SNEHA$
	Account Domain:		WORKGROUP
	Logon ID:		0x3E7

User:
	Security ID:		SNEHA\sneha
	Account Name:		sneha
	Account Domain:		sneha

Process Information:
	Process ID:		0xd58
	Process Name:		C:\Windows\System32\svchost.exe"
Audit Success,18-01-2026 16:23:24,Microsoft-Windows-Security-Auditing,4798,User Account Management,"A user's local group membership was enumerated.

Subject:
	Security ID:		SYSTEM
	Account Name:		SNEHA$
	Account Domain:		WORKGROUP
	Logon ID:		0x3E7

User:
	Security ID:		sneha\Guest
	Account Name:		Guest
	Account Domain:		sneha

Process Information:
	Process ID:		0xd58
	Process Name:		C:\Windows\System32\svchost.exe"
Audit Success,18-01-2026 16:23:24,Microsoft-Windows-Security-Auditing,4798,User Account Management,"A user's local group membership was enumerated.

Subject:
	Security ID:		SYSTEM
	Account Name:		SNEHA$
	Account Domain:		WORKGROUP
	Logon ID:		0x3E7

User:
	Security ID:		sneha\DefaultAccount
	Account Name:		DefaultAccount
	Account Domain:		sneha

Process Information:
	Process ID:		0xd58
	Process Name:		C:\Windows\System32\svchost.exe"
Audit Success,18-01-2026 16:23:24,Microsoft-Windows-Security-Auditing,4798,User Account Management,"A user's local group membership was enumerated.

Subject:
	Security ID:		SYSTEM
	Account Name:		SNEHA$
	Account Domain:		WORKGROUP
	Logon ID:		0x3E7

User:
	Security ID:		sneha\Administrator
	Account Name:		Administrator
	Account Domain:		sneha

Process Information:
	Process ID:		0xd58
	Process Name:		C:\Windows\System32\svchost.exe"
Audit Success,18-01-2026 16:23:24,Microsoft-Windows-Security-Auditing,4798,User Account Management,"A user's local group membership was enumerated.

Subject:
	Security ID:		SYSTEM
	Account Name:		SNEHA$
	Account Domain:		WORKGROUP
	Logon ID:		0x3E7

User:
	Security ID:		SNEHA\sneha
	Account Name:		sneha
	Account Domain:		sneha

Process Information:
	Process ID:		0xd58
	Process Name:		C:\Windows\System32\svchost.exe"
Audit Success,18-01-2026 16:23:24,Microsoft-Windows-Security-Auditing,4798,User Account Management,"A user's local group membership was enumerated.

Subject:
	Security ID:		SYSTEM
	Account Name:		SNEHA$
	Account Domain:		WORKGROUP
	Logon ID:		0x3E7

User:
	Security ID:		sneha\Guest
	Account Name:		Guest
	Account Domain:		sneha

Process Information:
	Process ID:		0xd58
	Process Name:		C:\Windows\System32\svchost.exe"
Audit Success,18-01-2026 16:23:24,Microsoft-Windows-Security-Auditing,4798,User Account Management,"A user's local group membership was enumerated.

Subject:
	Security ID:		SYSTEM
	Account Name:		SNEHA$
	Account Domain:		WORKGROUP
	Logon ID:		0x3E7

User:
	Security ID:		sneha\DefaultAccount
	Account Name:		DefaultAccount
	Account Domain:		sneha

Process Information:
	Process ID:		0xd58
	Process Name:		C:\Windows\System32\svchost.exe"
Audit Success,18-01-2026 16:23:24,Microsoft-Windows-Security-Auditing,4798,User Account Management,"A user's local group membership was enumerated.

Subject:
	Security ID:		SYSTEM
	Account Name:		SNEHA$
	Account Domain:		WORKGROUP
	Logon ID:		0x3E7

User:
	Security ID:		sneha\Administrator
	Account Name:		Administrator
	Account Domain:		sneha

Process Information:
	Process ID:		0xd58
	Process Name:		C:\Windows\System32\svchost.exe"
Audit Success,18-01-2026 16:23:23,Microsoft-Windows-Security-Auditing,4647,Logoff,"User initiated logoff:

Subject:
	Security ID:		SNEHA\sneha
	Account Name:		sneha
	Account Domain:		SNEHA
	Logon ID:		0xAB70F

This event is generated when a logoff is initiated. No further user-initiated activity can occur. This event can be interpreted as a logoff event."
Audit Success,18-01-2026 16:23:19,Microsoft-Windows-Security-Auditing,4672,Special Logon,"Special privileges assigned to new logon.

Subject:
	Security ID:		SYSTEM
	Account Name:		SYSTEM
	Account Domain:		NT AUTHORITY
	Logon ID:		0x3E7

Privileges:		SeAssignPrimaryTokenPrivilege
			SeTcbPrivilege
			SeSecurityPrivilege
			SeTakeOwnershipPrivilege
			SeLoadDriverPrivilege
			SeBackupPrivilege
			SeRestorePrivilege
			SeDebugPrivilege
			SeAuditPrivilege
			SeSystemEnvironmentPrivilege
			SeImpersonatePrivilege
			SeDelegateSessionUserImpersonatePrivilege"
Audit Success,18-01-2026 16:23:19,Microsoft-Windows-Security-Auditing,4624,Logon,"An account was successfully logged on.

Subject:
	Security ID:		SYSTEM
	Account Name:		SNEHA$
	Account Domain:		WORKGROUP
	Logon ID:		0x3E7

Logon Information:
	Logon Type:		5
	Restricted Admin Mode:	-
	Remote Credential Guard:	-
	Virtual Account:		No
	Elevated Token:		Yes

Impersonation Level:		Impersonation

New Logon:
	Security ID:		SYSTEM
	Account Name:		SYSTEM
	Account Domain:		NT AUTHORITY
	Logon ID:		0x3E7
	Linked Logon ID:		0x0
	Network Account Name:	-
	Network Account Domain:	-
	Logon GUID:		{00000000-0000-0000-0000-000000000000}

Process Information:
	Process ID:		0x614
	Process Name:		C:\Windows\System32\services.exe

Network Information:
	Workstation Name:	-
	Source Network Address:	-
	Source Port:		-

Detailed Authentication Information:
	Logon Process:		Advapi  
	Authentication Package:	Negotiate
	Transited Services:	-
	Package Name (NTLM only):	-
	Key Length:		0

This event is generated when a logon session is created. It is generated on the computer that was accessed.

The subject fields indicate the account on the local system which requested the logon. This is most commonly a service such as the Server service, or a local process such as Winlogon.exe or Services.exe.

The logon type field indicates the kind of logon that occurred. The most common types are 2 (interactive) and 3 (network).

The New Logon fields indicate the account for whom the new logon was created, i.e. the account that was logged on.

The network fields indicate where a remote logon request originated. Workstation name is not always available and may be left blank in some cases.

The impersonation level field indicates the extent to which a process in the logon session can impersonate.

The authentication information fields provide detailed information about this specific logon request.
	- Logon GUID is a unique identifier that can be used to correlate this event with a KDC event.
	- Transited services indicate which intermediate services have participated in this logon request.
	- Package name indicates which sub-protocol was used among the NTLM protocols.
	- Key length indicates the length of the generated session key. This will be 0 if no session key was requested."
Audit Success,18-01-2026 16:23:18,Microsoft-Windows-Security-Auditing,4672,Special Logon,"Special privileges assigned to new logon.

Subject:
	Security ID:		SYSTEM
	Account Name:		SYSTEM
	Account Domain:		NT AUTHORITY
	Logon ID:		0x3E7

Privileges:		SeAssignPrimaryTokenPrivilege
			SeTcbPrivilege
			SeSecurityPrivilege
			SeTakeOwnershipPrivilege
			SeLoadDriverPrivilege
			SeBackupPrivilege
			SeRestorePrivilege
			SeDebugPrivilege
			SeAuditPrivilege
			SeSystemEnvironmentPrivilege
			SeImpersonatePrivilege
			SeDelegateSessionUserImpersonatePrivilege"
Audit Success,18-01-2026 16:23:18,Microsoft-Windows-Security-Auditing,4624,Logon,"An account was successfully logged on.

Subject:
	Security ID:		SYSTEM
	Account Name:		SNEHA$
	Account Domain:		WORKGROUP
	Logon ID:		0x3E7

Logon Information:
	Logon Type:		5
	Restricted Admin Mode:	-
	Remote Credential Guard:	-
	Virtual Account:		No
	Elevated Token:		Yes

Impersonation Level:		Impersonation

New Logon:
	Security ID:		SYSTEM
	Account Name:		SYSTEM
	Account Domain:		NT AUTHORITY
	Logon ID:		0x3E7
	Linked Logon ID:		0x0
	Network Account Name:	-
	Network Account Domain:	-
	Logon GUID:		{00000000-0000-0000-0000-000000000000}

Process Information:
	Process ID:		0x614
	Process Name:		C:\Windows\System32\services.exe

Network Information:
	Workstation Name:	-
	Source Network Address:	-
	Source Port:		-

Detailed Authentication Information:
	Logon Process:		Advapi  
	Authentication Package:	Negotiate
	Transited Services:	-
	Package Name (NTLM only):	-
	Key Length:		0

This event is generated when a logon session is created. It is generated on the computer that was accessed.

The subject fields indicate the account on the local system which requested the logon. This is most commonly a service such as the Server service, or a local process such as Winlogon.exe or Services.exe.

The logon type field indicates the kind of logon that occurred. The most common types are 2 (interactive) and 3 (network).

The New Logon fields indicate the account for whom the new logon was created, i.e. the account that was logged on.

The network fields indicate where a remote logon request originated. Workstation name is not always available and may be left blank in some cases.

The impersonation level field indicates the extent to which a process in the logon session can impersonate.

The authentication information fields provide detailed information about this specific logon request.
	- Logon GUID is a unique identifier that can be used to correlate this event with a KDC event.
	- Transited services indicate which intermediate services have participated in this logon request.
	- Package name indicates which sub-protocol was used among the NTLM protocols.
	- Key length indicates the length of the generated session key. This will be 0 if no session key was requested."
Audit Success,18-01-2026 16:23:18,Microsoft-Windows-Security-Auditing,4672,Special Logon,"Special privileges assigned to new logon.

Subject:
	Security ID:		S-1-5-90-0-2
	Account Name:		DWM-2
	Account Domain:		Window Manager
	Logon ID:		0x8076DF4

Privileges:		SeAssignPrimaryTokenPrivilege
			SeAuditPrivilege"
Audit Success,18-01-2026 16:23:18,Microsoft-Windows-Security-Auditing,4672,Special Logon,"Special privileges assigned to new logon.

Subject:
	Security ID:		S-1-5-90-0-2
	Account Name:		DWM-2
	Account Domain:		Window Manager
	Logon ID:		0x8076D5A

Privileges:		SeAssignPrimaryTokenPrivilege
			SeAuditPrivilege
			SeImpersonatePrivilege"
Audit Success,18-01-2026 16:23:18,Microsoft-Windows-Security-Auditing,4624,Logon,"An account was successfully logged on.

Subject:
	Security ID:		SYSTEM
	Account Name:		SNEHA$
	Account Domain:		WORKGROUP
	Logon ID:		0x3E7

Logon Information:
	Logon Type:		2
	Restricted Admin Mode:	-
	Remote Credential Guard:	-
	Virtual Account:		Yes
	Elevated Token:		No

Impersonation Level:		Impersonation

New Logon:
	Security ID:		S-1-5-90-0-2
	Account Name:		DWM-2
	Account Domain:		Window Manager
	Logon ID:		0x8076DF4
	Linked Logon ID:		0x8076D5A
	Network Account Name:	-
	Network Account Domain:	-
	Logon GUID:		{00000000-0000-0000-0000-000000000000}

Process Information:
	Process ID:		0x683c
	Process Name:		C:\Windows\System32\winlogon.exe

Network Information:
	Workstation Name:	-
	Source Network Address:	-
	Source Port:		-

Detailed Authentication Information:
	Logon Process:		Advapi  
	Authentication Package:	Negotiate
	Transited Services:	-
	Package Name (NTLM only):	-
	Key Length:		0

This event is generated when a logon session is created. It is generated on the computer that was accessed.

The subject fields indicate the account on the local system which requested the logon. This is most commonly a service such as the Server service, or a local process such as Winlogon.exe or Services.exe.

The logon type field indicates the kind of logon that occurred. The most common types are 2 (interactive) and 3 (network).

The New Logon fields indicate the account for whom the new logon was created, i.e. the account that was logged on.

The network fields indicate where a remote logon request originated. Workstation name is not always available and may be left blank in some cases.

The impersonation level field indicates the extent to which a process in the logon session can impersonate.

The authentication information fields provide detailed information about this specific logon request.
	- Logon GUID is a unique identifier that can be used to correlate this event with a KDC event.
	- Transited services indicate which intermediate services have participated in this logon request.
	- Package name indicates which sub-protocol was used among the NTLM protocols.
	- Key length indicates the length of the generated session key. This will be 0 if no session key was requested."
Audit Success,18-01-2026 16:23:18,Microsoft-Windows-Security-Auditing,4624,Logon,"An account was successfully logged on.

Subject:
	Security ID:		SYSTEM
	Account Name:		SNEHA$
	Account Domain:		WORKGROUP
	Logon ID:		0x3E7

Logon Information:
	Logon Type:		2
	Restricted Admin Mode:	-
	Remote Credential Guard:	-
	Virtual Account:		Yes
	Elevated Token:		Yes

Impersonation Level:		Impersonation

New Logon:
	Security ID:		S-1-5-90-0-2
	Account Name:		DWM-2
	Account Domain:		Window Manager
	Logon ID:		0x8076D5A
	Linked Logon ID:		0x8076DF4
	Network Account Name:	-
	Network Account Domain:	-
	Logon GUID:		{00000000-0000-0000-0000-000000000000}

Process Information:
	Process ID:		0x683c
	Process Name:		C:\Windows\System32\winlogon.exe

Network Information:
	Workstation Name:	-
	Source Network Address:	-
	Source Port:		-

Detailed Authentication Information:
	Logon Process:		Advapi  
	Authentication Package:	Negotiate
	Transited Services:	-
	Package Name (NTLM only):	-
	Key Length:		0

This event is generated when a logon session is created. It is generated on the computer that was accessed.

The subject fields indicate the account on the local system which requested the logon. This is most commonly a service such as the Server service, or a local process such as Winlogon.exe or Services.exe.

The logon type field indicates the kind of logon that occurred. The most common types are 2 (interactive) and 3 (network).

The New Logon fields indicate the account for whom the new logon was created, i.e. the account that was logged on.

The network fields indicate where a remote logon request originated. Workstation name is not always available and may be left blank in some cases.

The impersonation level field indicates the extent to which a process in the logon session can impersonate.

The authentication information fields provide detailed information about this specific logon request.
	- Logon GUID is a unique identifier that can be used to correlate this event with a KDC event.
	- Transited services indicate which intermediate services have participated in this logon request.
	- Package name indicates which sub-protocol was used among the NTLM protocols.
	- Key length indicates the length of the generated session key. This will be 0 if no session key was requested."
Audit Success,18-01-2026 16:23:18,Microsoft-Windows-Security-Auditing,4648,Logon,"A logon was attempted using explicit credentials.

Subject:
	Security ID:		SYSTEM
	Account Name:		SNEHA$
	Account Domain:		WORKGROUP
	Logon ID:		0x3E7
	Logon GUID:		{00000000-0000-0000-0000-000000000000}

Account Whose Credentials Were Used:
	Account Name:		DWM-2
	Account Domain:		Window Manager
	Logon GUID:		{00000000-0000-0000-0000-000000000000}

Target Server:
	Target Server Name:	localhost
	Additional Information:	localhost

Process Information:
	Process ID:		0x683c
	Process Name:		C:\Windows\System32\winlogon.exe

Network Information:
	Network Address:	-
	Port:			-

This event is generated when a process attempts to log on an account by explicitly specifying that account’s credentials.  This most commonly occurs in batch-type configurations such as scheduled tasks, or when using the RUNAS command."
Audit Success,18-01-2026 16:23:17,Microsoft-Windows-Security-Auditing,4624,Logon,"An account was successfully logged on.

Subject:
	Security ID:		SYSTEM
	Account Name:		SNEHA$
	Account Domain:		WORKGROUP
	Logon ID:		0x3E7

Logon Information:
	Logon Type:		2
	Restricted Admin Mode:	-
	Remote Credential Guard:	-
	Virtual Account:		Yes
	Elevated Token:		No

Impersonation Level:		Impersonation

New Logon:
	Security ID:		S-1-5-96-0-2
	Account Name:		UMFD-2
	Account Domain:		Font Driver Host
	Logon ID:		0x8075136
	Linked Logon ID:		0x0
	Network Account Name:	-
	Network Account Domain:	-
	Logon GUID:		{00000000-0000-0000-0000-000000000000}

Process Information:
	Process ID:		0x683c
	Process Name:		C:\Windows\System32\winlogon.exe

Network Information:
	Workstation Name:	-
	Source Network Address:	-
	Source Port:		-

Detailed Authentication Information:
	Logon Process:		Advapi  
	Authentication Package:	Negotiate
	Transited Services:	-
	Package Name (NTLM only):	-
	Key Length:		0

This event is generated when a logon session is created. It is generated on the computer that was accessed.

The subject fields indicate the account on the local system which requested the logon. This is most commonly a service such as the Server service, or a local process such as Winlogon.exe or Services.exe.

The logon type field indicates the kind of logon that occurred. The most common types are 2 (interactive) and 3 (network).

The New Logon fields indicate the account for whom the new logon was created, i.e. the account that was logged on.

The network fields indicate where a remote logon request originated. Workstation name is not always available and may be left blank in some cases.

The impersonation level field indicates the extent to which a process in the logon session can impersonate.

The authentication information fields provide detailed information about this specific logon request.
	- Logon GUID is a unique identifier that can be used to correlate this event with a KDC event.
	- Transited services indicate which intermediate services have participated in this logon request.
	- Package name indicates which sub-protocol was used among the NTLM protocols.
	- Key length indicates the length of the generated session key. This will be 0 if no session key was requested."
Audit Success,18-01-2026 16:23:17,Microsoft-Windows-Security-Auditing,4648,Logon,"A logon was attempted using explicit credentials.

Subject:
	Security ID:		SYSTEM
	Account Name:		SNEHA$
	Account Domain:		WORKGROUP
	Logon ID:		0x3E7
	Logon GUID:		{00000000-0000-0000-0000-000000000000}

Account Whose Credentials Were Used:
	Account Name:		UMFD-2
	Account Domain:		Font Driver Host
	Logon GUID:		{00000000-0000-0000-0000-000000000000}

Target Server:
	Target Server Name:	localhost
	Additional Information:	localhost

Process Information:
	Process ID:		0x683c
	Process Name:		C:\Windows\System32\winlogon.exe

Network Information:
	Network Address:	-
	Port:			-

This event is generated when a process attempts to log on an account by explicitly specifying that account’s credentials.  This most commonly occurs in batch-type configurations such as scheduled tasks, or when using the RUNAS command."
Audit Success,18-01-2026 16:23:15,Microsoft-Windows-Security-Auditing,5379,User Account Management,"Credential Manager credentials were read.

Subject:
	Security ID:		SNEHA\sneha
	Account Name:		sneha
	Account Domain:		SNEHA
	Logon ID:		0xAB70F
	Read Operation:		Enumerate Credentials

This event occurs when a user performs a read operation on stored credentials in Credential Manager."
Audit Success,18-01-2026 16:23:15,Microsoft-Windows-Security-Auditing,5379,User Account Management,"Credential Manager credentials were read.

Subject:
	Security ID:		SNEHA\sneha
	Account Name:		sneha
	Account Domain:		SNEHA
	Logon ID:		0xAB70F
	Read Operation:		Enumerate Credentials

This event occurs when a user performs a read operation on stored credentials in Credential Manager."
Audit Success,18-01-2026 16:23:15,Microsoft-Windows-Security-Auditing,5379,User Account Management,"Credential Manager credentials were read.

Subject:
	Security ID:		SNEHA\sneha
	Account Name:		sneha
	Account Domain:		SNEHA
	Logon ID:		0xAB70F
	Read Operation:		Enumerate Credentials

This event occurs when a user performs a read operation on stored credentials in Credential Manager."
Audit Success,18-01-2026 16:23:15,Microsoft-Windows-Security-Auditing,4798,User Account Management,"A user's local group membership was enumerated.

Subject:
	Security ID:		SYSTEM
	Account Name:		SNEHA$
	Account Domain:		WORKGROUP
	Logon ID:		0x3E7

User:
	Security ID:		SNEHA\sneha
	Account Name:		sneha
	Account Domain:		sneha

Process Information:
	Process ID:		0xd58
	Process Name:		C:\Windows\System32\svchost.exe"
Audit Success,18-01-2026 16:23:15,Microsoft-Windows-Security-Auditing,5379,User Account Management,"Credential Manager credentials were read.

Subject:
	Security ID:		SNEHA\sneha
	Account Name:		sneha
	Account Domain:		SNEHA
	Logon ID:		0xAB70F
	Read Operation:		Enumerate Credentials

This event occurs when a user performs a read operation on stored credentials in Credential Manager."
Audit Success,18-01-2026 16:23:15,Microsoft-Windows-Security-Auditing,5379,User Account Management,"Credential Manager credentials were read.

Subject:
	Security ID:		SNEHA\sneha
	Account Name:		sneha
	Account Domain:		SNEHA
	Logon ID:		0xAB70F
	Read Operation:		Enumerate Credentials

This event occurs when a user performs a read operation on stored credentials in Credential Manager."
Audit Success,18-01-2026 16:23:15,Microsoft-Windows-Security-Auditing,4798,User Account Management,"A user's local group membership was enumerated.

Subject:
	Security ID:		SYSTEM
	Account Name:		SNEHA$
	Account Domain:		WORKGROUP
	Logon ID:		0x3E7

User:
	Security ID:		sneha\Guest
	Account Name:		Guest
	Account Domain:		sneha

Process Information:
	Process ID:		0xd58
	Process Name:		C:\Windows\System32\svchost.exe"
Audit Success,18-01-2026 16:23:15,Microsoft-Windows-Security-Auditing,5379,User Account Management,"Credential Manager credentials were read.

Subject:
	Security ID:		SNEHA\sneha
	Account Name:		sneha
	Account Domain:		SNEHA
	Logon ID:		0xAB70F
	Read Operation:		Enumerate Credentials

This event occurs when a user performs a read operation on stored credentials in Credential Manager."
